{"level":"http","message":"::1 - - [02/Dec/2021:01:02:37 +0000] \"POST /user/register HTTP/1.1\" 400 59 \"-\" \"PostmanRuntime/7.28.4\"\n"}
{"level":"http","message":"::1 - - [03/Dec/2021:00:49:43 +0000] \"POST /product HTTP/1.1\" 400 135 \"-\" \"PostmanRuntime/7.28.4\"\n"}
{"level":"http","message":"::1 - - [03/Dec/2021:00:51:49 +0000] \"POST /product HTTP/1.1\" 400 983 \"-\" \"PostmanRuntime/7.28.4\"\n"}
{"level":"http","message":"::1 - - [03/Dec/2021:00:51:51 +0000] \"POST /product HTTP/1.1\" 400 983 \"-\" \"PostmanRuntime/7.28.4\"\n"}
{"level":"http","message":"::1 - - [03/Dec/2021:00:52:30 +0000] \"POST /product HTTP/1.1\" 400 983 \"-\" \"PostmanRuntime/7.28.4\"\n"}
{"level":"http","message":"::1 - - [03/Dec/2021:00:55:38 +0000] \"GET /products/61a969b60470f16e66abc6b5 HTTP/1.1\" 404 172 \"-\" \"PostmanRuntime/7.28.4\"\n"}
{"level":"http","message":"::1 - - [03/Dec/2021:00:58:54 +0000] \"POST /user/login HTTP/1.1\" 400 61 \"-\" \"PostmanRuntime/7.28.4\"\n"}
{"level":"http","message":"::1 - - [04/Dec/2021:12:58:27 +0000] \"POST /product HTTP/1.1\" 400 983 \"-\" \"PostmanRuntime/7.28.4\"\n"}
{"level":"http","message":"::ffff:127.0.0.1 - - [04/Dec/2021:13:01:18 +0000] \"POST /product HTTP/1.1\" 401 56 \"-\" \"PostmanRuntime/7.28.4\"\n"}
{"level":"http","message":"::1 - - [04/Dec/2021:13:02:20 +0000] \"POST /product HTTP/1.1\" 401 56 \"-\" \"PostmanRuntime/7.28.4\"\n"}
{"level":"http","message":"::1 - - [04/Dec/2021:13:02:22 +0000] \"POST /product HTTP/1.1\" 401 56 \"-\" \"PostmanRuntime/7.28.4\"\n"}
{"level":"http","message":"::1 - - [04/Dec/2021:13:02:24 +0000] \"POST /product HTTP/1.1\" 401 56 \"-\" \"PostmanRuntime/7.28.4\"\n"}
{"level":"http","message":"::1 - - [04/Dec/2021:13:04:18 +0000] \"POST /product HTTP/1.1\" 401 56 \"-\" \"PostmanRuntime/7.28.4\"\n"}
{"level":"http","message":"::1 - - [04/Dec/2021:13:04:19 +0000] \"POST /product HTTP/1.1\" 401 56 \"-\" \"PostmanRuntime/7.28.4\"\n"}
{"level":"http","message":"::1 - - [04/Dec/2021:13:04:26 +0000] \"POST /product HTTP/1.1\" 401 56 \"-\" \"PostmanRuntime/7.28.4\"\n"}
{"level":"http","message":"::1 - - [04/Dec/2021:13:39:49 +0000] \"GET /cart HTTP/1.1\" 404 143 \"-\" \"PostmanRuntime/7.28.4\"\n"}
{"level":"http","message":"::1 - - [04/Dec/2021:13:39:53 +0000] \"POST /cart HTTP/1.1\" 401 56 \"-\" \"PostmanRuntime/7.28.4\"\n"}
{"level":"http","message":"::1 - - [04/Dec/2021:13:40:28 +0000] \"POST /cart HTTP/1.1\" 401 56 \"-\" \"PostmanRuntime/7.28.4\"\n"}
{"level":"http","message":"::1 - - [04/Dec/2021:14:05:08 +0000] \"GET / HTTP/1.1\" 404 255 \"-\" \"Mozilla/5.0 (Windows NT 10.0; Win64; x64) AppleWebKit/537.36 (KHTML, like Gecko) Chrome/96.0.4664.45 Safari/537.36\"\n"}
{"level":"http","message":"::1 - - [04/Dec/2021:15:02:12 +0000] \"GET /api/products HTTP/1.1\" 401 56 \"http://localhost:8080/products\" \"Mozilla/5.0 (Linux; Android 8.0.0; Pixel 2 XL Build/OPD1.170816.004) AppleWebKit/537.36 (KHTML, like Gecko) Chrome/96.0.4664.45 Mobile Safari/537.36\"\n"}
{"level":"http","message":"::ffff:127.0.0.1 - - [04/Dec/2021:15:02:13 +0000] \"GET /api/products HTTP/1.1\" 401 56 \"http://localhost:8080/products\" \"Mozilla/5.0 (Linux; Android 8.0.0; Pixel 2 XL Build/OPD1.170816.004) AppleWebKit/537.36 (KHTML, like Gecko) Chrome/96.0.4664.45 Mobile Safari/537.36\"\n"}
{"level":"http","message":"::1 - - [04/Dec/2021:15:09:30 +0000] \"GET / HTTP/1.1\" 404 255 \"-\" \"Mozilla/5.0 (Windows NT 10.0; Win64; x64) AppleWebKit/537.36 (KHTML, like Gecko) Chrome/96.0.4664.45 Safari/537.36\"\n"}
{"level":"http","message":"::1 - - [04/Dec/2021:15:09:33 +0000] \"GET / HTTP/1.1\" 404 255 \"-\" \"Mozilla/5.0 (Windows NT 10.0; Win64; x64) AppleWebKit/537.36 (KHTML, like Gecko) Chrome/96.0.4664.45 Safari/537.36\"\n"}
{"level":"http","message":"::1 - - [04/Dec/2021:15:20:19 +0000] \"POST /undefinedlogin HTTP/1.1\" 404 154 \"http://localhost:8080/\" \"Mozilla/5.0 (Windows NT 10.0; Win64; x64) AppleWebKit/537.36 (KHTML, like Gecko) Chrome/96.0.4664.45 Safari/537.36\"\n"}
{"level":"http","message":"::1 - - [04/Dec/2021:15:22:04 +0000] \"POST /api/login HTTP/1.1\" 404 149 \"http://localhost:8080/\" \"Mozilla/5.0 (Windows NT 10.0; Win64; x64) AppleWebKit/537.36 (KHTML, like Gecko) Chrome/96.0.4664.45 Safari/537.36\"\n"}
{"level":"http","message":"::1 - - [04/Dec/2021:15:23:38 +0000] \"POST /api/login HTTP/1.1\" 404 149 \"http://localhost:8080/\" \"Mozilla/5.0 (Windows NT 10.0; Win64; x64) AppleWebKit/537.36 (KHTML, like Gecko) Chrome/96.0.4664.45 Safari/537.36\"\n"}
{"level":"http","message":"::1 - - [04/Dec/2021:15:23:47 +0000] \"POST /api/login HTTP/1.1\" 404 149 \"http://localhost:8080/\" \"Mozilla/5.0 (Windows NT 10.0; Win64; x64) AppleWebKit/537.36 (KHTML, like Gecko) Chrome/96.0.4664.45 Safari/537.36\"\n"}
{"level":"http","message":"::1 - - [04/Dec/2021:15:24:11 +0000] \"POST /user/register HTTP/1.1\" 404 153 \"-\" \"PostmanRuntime/7.28.4\"\n"}
{"level":"http","message":"::1 - - [04/Dec/2021:15:24:36 +0000] \"POST /api/login HTTP/1.1\" 404 149 \"http://localhost:8080/\" \"Mozilla/5.0 (Windows NT 10.0; Win64; x64) AppleWebKit/537.36 (KHTML, like Gecko) Chrome/96.0.4664.45 Safari/537.36\"\n"}
{"level":"http","message":"::1 - - [04/Dec/2021:15:25:19 +0000] \"POST /api/login HTTP/1.1\" 404 149 \"http://localhost:8080/\" \"Mozilla/5.0 (Windows NT 10.0; Win64; x64) AppleWebKit/537.36 (KHTML, like Gecko) Chrome/96.0.4664.45 Safari/537.36\"\n"}
{"level":"http","message":"::1 - - [04/Dec/2021:15:27:19 +0000] \"POST /user/login HTTP/1.1\" 404 150 \"-\" \"PostmanRuntime/7.28.4\"\n"}
{"level":"http","message":"::1 - - [04/Dec/2021:15:28:38 +0000] \"GET /api/products HTTP/1.1\" 401 56 \"http://localhost:8080/products\" \"Mozilla/5.0 (Windows NT 10.0; Win64; x64) AppleWebKit/537.36 (KHTML, like Gecko) Chrome/96.0.4664.45 Safari/537.36\"\n"}
{"level":"http","message":"::1 - - [29/Jan/2022:14:20:07 +0000] \"POST /api/user/login HTTP/1.1\" 400 34 \"http://localhost:3000/\" \"Mozilla/5.0 (Windows NT 10.0; Win64; x64) AppleWebKit/537.36 (KHTML, like Gecko) Chrome/97.0.4692.99 Safari/537.36\"\n"}
{"level":"http","message":"::1 - - [29/Jan/2022:14:21:05 +0000] \"POST /api/user/login HTTP/1.1\" 400 34 \"http://localhost:3000/\" \"Mozilla/5.0 (Linux; Android 11; Pixel 5) AppleWebKit/537.36 (KHTML, like Gecko) Chrome/90.0.4430.91 Mobile Safari/537.36\"\n"}
{"level":"http","message":"::1 - - [29/Jan/2022:14:33:10 +0000] \"POST /api/user/register HTTP/1.1\" 400 47 \"http://localhost:3000/\" \"Mozilla/5.0 (Linux; Android 6.0; Nexus 5 Build/MRA58N) AppleWebKit/537.36 (KHTML, like Gecko) Chrome/97.0.4692.99 Mobile Safari/537.36\"\n"}
{"level":"http","message":"::1 - - [29/Jan/2022:14:33:11 +0000] \"POST /api/user/register HTTP/1.1\" 400 47 \"http://localhost:3000/\" \"Mozilla/5.0 (Linux; Android 6.0; Nexus 5 Build/MRA58N) AppleWebKit/537.36 (KHTML, like Gecko) Chrome/97.0.4692.99 Mobile Safari/537.36\"\n"}
{"level":"http","message":"::1 - - [29/Jan/2022:14:38:11 +0000] \"POST /api/user/register HTTP/1.1\" 400 59 \"http://localhost:3000/\" \"Mozilla/5.0 (Linux; Android 6.0; Nexus 5 Build/MRA58N) AppleWebKit/537.36 (KHTML, like Gecko) Chrome/97.0.4692.99 Mobile Safari/537.36\"\n"}
{"level":"http","message":"::1 - - [29/Jan/2022:14:38:23 +0000] \"POST /api/user/register HTTP/1.1\" 500 132 \"http://localhost:3000/\" \"Mozilla/5.0 (Linux; Android 6.0; Nexus 5 Build/MRA58N) AppleWebKit/537.36 (KHTML, like Gecko) Chrome/97.0.4692.99 Mobile Safari/537.36\"\n"}
{"level":"http","message":"::1 - - [29/Jan/2022:14:41:34 +0000] \"GET /api/products HTTP/1.1\" 401 56 \"-\" \"PostmanRuntime/7.29.0\"\n"}
{"level":"http","message":"::1 - - [29/Jan/2022:14:42:05 +0000] \"GET /api/products HTTP/1.1\" 401 56 \"-\" \"PostmanRuntime/7.29.0\"\n"}
{"level":"http","message":"::1 - - [29/Jan/2022:14:46:43 +0000] \"POST /user/login HTTP/1.1\" 404 150 \"-\" \"PostmanRuntime/7.29.0\"\n"}
{"level":"http","message":"::1 - - [29/Jan/2022:14:46:51 +0000] \"POST /api/user/login HTTP/1.1\" 400 34 \"-\" \"PostmanRuntime/7.29.0\"\n"}
{"level":"http","message":"::1 - - [29/Jan/2022:14:47:06 +0000] \"POST /api/user/login HTTP/1.1\" 400 61 \"-\" \"PostmanRuntime/7.29.0\"\n"}
{"level":"http","message":"::1 - - [29/Jan/2022:14:49:48 +0000] \"GET /api/products HTTP/1.1\" 401 56 \"-\" \"PostmanRuntime/7.29.0\"\n"}
{"level":"http","message":"::1 - - [29/Jan/2022:14:50:08 +0000] \"GET /api/products HTTP/1.1\" 500 25 \"-\" \"PostmanRuntime/7.29.0\"\n"}
{"level":"http","message":"::1 - - [29/Jan/2022:14:51:19 +0000] \"GET /api/products HTTP/1.1\" 500 25 \"-\" \"PostmanRuntime/7.29.0\"\n"}
{"level":"http","message":"::1 - - [29/Jan/2022:14:52:13 +0000] \"GET /api/products HTTP/1.1\" 500 25 \"-\" \"PostmanRuntime/7.29.0\"\n"}
{"level":"http","message":"::1 - - [29/Jan/2022:14:54:46 +0000] \"GET /api/products HTTP/1.1\" 500 25 \"-\" \"PostmanRuntime/7.29.0\"\n"}
{"level":"http","message":"::1 - - [29/Jan/2022:14:56:26 +0000] \"GET /api/products HTTP/1.1\" 500 32 \"http://localhost:3000/\" \"Mozilla/5.0 (Linux; Android 6.0; Nexus 5 Build/MRA58N) AppleWebKit/537.36 (KHTML, like Gecko) Chrome/97.0.4692.99 Mobile Safari/537.36\"\n"}
{"level":"http","message":"::1 - - [29/Jan/2022:14:59:16 +0000] \"GET /api/products HTTP/1.1\" 500 32 \"http://localhost:3000/\" \"Mozilla/5.0 (Linux; Android 6.0; Nexus 5 Build/MRA58N) AppleWebKit/537.36 (KHTML, like Gecko) Chrome/97.0.4692.99 Mobile Safari/537.36\"\n"}
{"level":"http","message":"::1 - - [29/Jan/2022:15:00:45 +0000] \"GET /api/products HTTP/1.1\" 500 32 \"http://localhost:3000/\" \"Mozilla/5.0 (Linux; Android 6.0; Nexus 5 Build/MRA58N) AppleWebKit/537.36 (KHTML, like Gecko) Chrome/97.0.4692.99 Mobile Safari/537.36\"\n"}
{"level":"http","message":"::1 - - [29/Jan/2022:15:09:05 +0000] \"GET /api/products HTTP/1.1\" 500 25 \"http://localhost:3000/\" \"Mozilla/5.0 (Linux; Android 6.0; Nexus 5 Build/MRA58N) AppleWebKit/537.36 (KHTML, like Gecko) Chrome/97.0.4692.99 Mobile Safari/537.36\"\n"}
{"level":"http","message":"::1 - - [29/Jan/2022:22:11:40 +0000] \"POST /api/cart HTTP/1.1\" 500 65 \"http://localhost:3000/\" \"Mozilla/5.0 (Windows NT 10.0; Win64; x64) AppleWebKit/537.36 (KHTML, like Gecko) Chrome/97.0.4692.99 Safari/537.36\"\n"}
{"level":"http","message":"::1 - - [29/Jan/2022:22:12:24 +0000] \"GET /api/products HTTP/1.1\" 500 25 \"http://localhost:3000/\" \"Mozilla/5.0 (Windows NT 10.0; Win64; x64) AppleWebKit/537.36 (KHTML, like Gecko) Chrome/97.0.4692.99 Safari/537.36\"\n"}
{"level":"http","message":"::1 - - [29/Jan/2022:22:13:36 +0000] \"POST /api/cart HTTP/1.1\" 500 65 \"http://localhost:3000/\" \"Mozilla/5.0 (Windows NT 10.0; Win64; x64) AppleWebKit/537.36 (KHTML, like Gecko) Chrome/97.0.4692.99 Safari/537.36\"\n"}
{"level":"http","message":"::1 - - [29/Jan/2022:22:16:36 +0000] \"GET /api/products HTTP/1.1\" 500 25 \"http://localhost:3000/\" \"Mozilla/5.0 (Windows NT 10.0; Win64; x64) AppleWebKit/537.36 (KHTML, like Gecko) Chrome/97.0.4692.99 Safari/537.36\"\n"}
{"level":"http","message":"::1 - - [29/Jan/2022:22:17:39 +0000] \"POST /api/cart HTTP/1.1\" 500 65 \"http://localhost:3000/\" \"Mozilla/5.0 (Windows NT 10.0; Win64; x64) AppleWebKit/537.36 (KHTML, like Gecko) Chrome/97.0.4692.99 Safari/537.36\"\n"}
{"level":"http","message":"::1 - - [29/Jan/2022:22:32:39 +0000] \"PUT /api/cart//productos HTTP/1.1\" 404 158 \"http://localhost:3000/\" \"Mozilla/5.0 (Windows NT 10.0; Win64; x64) AppleWebKit/537.36 (KHTML, like Gecko) Chrome/97.0.4692.99 Safari/537.36\"\n"}
{"level":"http","message":"::1 - - [29/Jan/2022:22:32:58 +0000] \"PUT /api/cart//productos HTTP/1.1\" 404 158 \"http://localhost:3000/\" \"Mozilla/5.0 (Windows NT 10.0; Win64; x64) AppleWebKit/537.36 (KHTML, like Gecko) Chrome/97.0.4692.99 Safari/537.36\"\n"}
{"level":"http","message":"::1 - - [30/Jan/2022:14:31:56 +0000] \"PUT /api/cart//productos HTTP/1.1\" 404 158 \"http://localhost:3000/\" \"Mozilla/5.0 (Windows NT 10.0; Win64; x64) AppleWebKit/537.36 (KHTML, like Gecko) Chrome/97.0.4692.99 Safari/537.36\"\n"}
{"level":"http","message":"::1 - - [30/Jan/2022:14:32:39 +0000] \"GET /api/cart/61f6a17a5053786cbafcd69f/productos HTTP/1.1\" 500 65 \"http://localhost:3000/\" \"Mozilla/5.0 (Windows NT 10.0; Win64; x64) AppleWebKit/537.36 (KHTML, like Gecko) Chrome/97.0.4692.99 Safari/537.36\"\n"}
{"level":"http","message":"::1 - - [30/Jan/2022:14:34:02 +0000] \"PUT /api/cart//productos HTTP/1.1\" 404 158 \"http://localhost:3000/\" \"Mozilla/5.0 (Windows NT 10.0; Win64; x64) AppleWebKit/537.36 (KHTML, like Gecko) Chrome/97.0.4692.99 Safari/537.36\"\n"}
{"level":"http","message":"::1 - - [30/Jan/2022:14:34:05 +0000] \"PUT /api/cart//productos HTTP/1.1\" 404 158 \"http://localhost:3000/\" \"Mozilla/5.0 (Windows NT 10.0; Win64; x64) AppleWebKit/537.36 (KHTML, like Gecko) Chrome/97.0.4692.99 Safari/537.36\"\n"}
{"level":"http","message":"::1 - - [06/Feb/2022:15:58:12 +0000] \"POST /api/category HTTP/1.1\" 500 65 \"-\" \"PostmanRuntime/7.29.0\"\n"}
{"level":"http","message":"::1 - - [06/Feb/2022:16:02:55 +0000] \"POST /product HTTP/1.1\" 404 147 \"-\" \"PostmanRuntime/7.29.0\"\n"}
{"level":"http","message":"::1 - - [06/Feb/2022:16:03:08 +0000] \"POST /product HTTP/1.1\" 404 147 \"-\" \"PostmanRuntime/7.29.0\"\n"}
{"level":"http","message":"::1 - - [06/Feb/2022:16:09:15 +0000] \"GET /api/products HTTP/1.1\" 400 28 \"-\" \"PostmanRuntime/7.29.0\"\n"}
{"level":"http","message":"::1 - - [06/Feb/2022:16:10:16 +0000] \"GET /api/products HTTP/1.1\" 400 28 \"-\" \"PostmanRuntime/7.29.0\"\n"}
{"level":"http","message":"::1 - - [06/Feb/2022:16:10:25 +0000] \"GET /api/products HTTP/1.1\" 400 28 \"http://localhost:3000/\" \"Mozilla/5.0 (Windows NT 10.0; Win64; x64) AppleWebKit/537.36 (KHTML, like Gecko) Chrome/98.0.4758.82 Safari/537.36\"\n"}
{"level":"http","message":"::1 - - [06/Feb/2022:16:11:20 +0000] \"GET /api/products HTTP/1.1\" 400 28 \"http://localhost:3000/\" \"Mozilla/5.0 (Windows NT 10.0; Win64; x64) AppleWebKit/537.36 (KHTML, like Gecko) Chrome/98.0.4758.82 Safari/537.36\"\n"}
{"level":"http","message":"::1 - - [06/Feb/2022:16:12:02 +0000] \"GET /api/products HTTP/1.1\" 400 28 \"http://localhost:3000/\" \"Mozilla/5.0 (Windows NT 10.0; Win64; x64) AppleWebKit/537.36 (KHTML, like Gecko) Chrome/98.0.4758.82 Safari/537.36\"\n"}
{"level":"http","message":"::1 - - [06/Feb/2022:16:13:25 +0000] \"GET /api/products HTTP/1.1\" 400 28 \"http://localhost:3000/\" \"Mozilla/5.0 (Windows NT 10.0; Win64; x64) AppleWebKit/537.36 (KHTML, like Gecko) Chrome/98.0.4758.82 Safari/537.36\"\n"}
{"level":"http","message":"::1 - - [06/Feb/2022:16:16:26 +0000] \"POST /api/product HTTP/1.1\" 400 134 \"-\" \"PostmanRuntime/7.29.0\"\n"}
{"level":"http","message":"::1 - - [06/Feb/2022:16:26:35 +0000] \"GET /api/product/category/61fff059e9b969636490d036 HTTP/1.1\" 404 72 \"-\" \"PostmanRuntime/7.29.0\"\n"}
{"level":"http","message":"::1 - - [06/Feb/2022:16:26:49 +0000] \"GET /api/product/category/61fff059e9b969636490d036 HTTP/1.1\" 404 72 \"-\" \"PostmanRuntime/7.29.0\"\n"}
{"level":"http","message":"::1 - - [06/Feb/2022:16:26:50 +0000] \"GET /api/product/category/61fff059e9b969636490d036 HTTP/1.1\" 404 72 \"-\" \"PostmanRuntime/7.29.0\"\n"}
{"level":"http","message":"::1 - - [06/Feb/2022:16:27:35 +0000] \"GET /api/products/category/61fff059e9b969636490d036 HTTP/1.1\" 404 72 \"-\" \"PostmanRuntime/7.29.0\"\n"}
{"level":"http","message":"::1 - - [06/Feb/2022:16:27:39 +0000] \"GET /api/products/category/61fff059e9b969636490d036 HTTP/1.1\" 404 72 \"-\" \"PostmanRuntime/7.29.0\"\n"}
{"level":"http","message":"::1 - - [06/Feb/2022:19:52:09 +0000] \"PUT /api/cart/62002615bb9bf60403b08827/productos HTTP/1.1\" 404 625 \"-\" \"PostmanRuntime/7.29.0\"\n"}
{"level":"http","message":"::1 - - [06/Feb/2022:19:53:21 +0000] \"PUT /api/cart/62002615bb9bf60403b08827/productos HTTP/1.1\" 404 392 \"-\" \"PostmanRuntime/7.29.0\"\n"}
{"level":"http","message":"::1 - - [06/Feb/2022:19:53:45 +0000] \"PUT /api/cart/62002615bb9bf60403b08827/productos HTTP/1.1\" 404 392 \"-\" \"PostmanRuntime/7.29.0\"\n"}
{"level":"http","message":"::1 - - [06/Feb/2022:19:58:55 +0000] \"GET /api/categories HTTP/1.1\" 500 25 \"http://localhost:3000/\" \"Mozilla/5.0 (Windows NT 10.0; Win64; x64) AppleWebKit/537.36 (KHTML, like Gecko) Chrome/98.0.4758.82 Safari/537.36\"\n"}
{"level":"http","message":"::1 - - [06/Feb/2022:19:58:55 +0000] \"GET /api/products HTTP/1.1\" 500 25 \"http://localhost:3000/\" \"Mozilla/5.0 (Windows NT 10.0; Win64; x64) AppleWebKit/537.36 (KHTML, like Gecko) Chrome/98.0.4758.82 Safari/537.36\"\n"}
{"level":"http","message":"::1 - - [12/Feb/2022:13:18:40 +0000] \"GET /api/categories HTTP/1.1\" 500 23 \"http://localhost:3000/\" \"Mozilla/5.0 (Windows NT 10.0; Win64; x64) AppleWebKit/537.36 (KHTML, like Gecko) Chrome/98.0.4758.82 Safari/537.36\"\n"}
{"level":"http","message":"::1 - - [12/Feb/2022:13:18:40 +0000] \"GET /api/products HTTP/1.1\" 500 23 \"http://localhost:3000/\" \"Mozilla/5.0 (Windows NT 10.0; Win64; x64) AppleWebKit/537.36 (KHTML, like Gecko) Chrome/98.0.4758.82 Safari/537.36\"\n"}
{"level":"http","message":"::1 - - [12/Feb/2022:13:19:15 +0000] \"GET /api/categories HTTP/1.1\" 500 23 \"http://localhost:3000/\" \"Mozilla/5.0 (Windows NT 10.0; Win64; x64) AppleWebKit/537.36 (KHTML, like Gecko) Chrome/98.0.4758.82 Safari/537.36\"\n"}
{"level":"http","message":"::1 - - [12/Feb/2022:13:19:15 +0000] \"GET /api/products HTTP/1.1\" 500 23 \"http://localhost:3000/\" \"Mozilla/5.0 (Windows NT 10.0; Win64; x64) AppleWebKit/537.36 (KHTML, like Gecko) Chrome/98.0.4758.82 Safari/537.36\"\n"}
{"level":"http","message":"::1 - - [12/Feb/2022:13:33:31 +0000] \"GET /api/user/tokenIsValid HTTP/1.1\" 401 28 \"-\" \"PostmanRuntime/7.29.0\"\n"}
{"level":"http","message":"::1 - - [12/Feb/2022:13:38:48 +0000] \"GET /api/user/tokenIsValid HTTP/1.1\" 401 28 \"-\" \"PostmanRuntime/7.29.0\"\n"}
{"level":"http","message":"::1 - - [12/Feb/2022:13:40:51 +0000] \"GET /api/user/tokenIsValid HTTP/1.1\" 401 28 \"-\" \"PostmanRuntime/7.29.0\"\n"}
{"level":"http","message":"::1 - - [12/Feb/2022:13:41:36 +0000] \"GET /api/user/tokenIsValid HTTP/1.1\" 401 28 \"-\" \"PostmanRuntime/7.29.0\"\n"}
{"level":"http","message":"::1 - - [12/Feb/2022:13:42:19 +0000] \"GET /api/user/tokenIsValid HTTP/1.1\" 401 28 \"-\" \"PostmanRuntime/7.29.0\"\n"}
{"level":"http","message":"::1 - - [12/Feb/2022:13:43:31 +0000] \"GET /api/user/tokenIsValid HTTP/1.1\" 401 28 \"-\" \"PostmanRuntime/7.29.0\"\n"}
{"level":"http","message":"::1 - - [12/Feb/2022:13:59:52 +0000] \"POST /api/cart/61f551712b60fd48d30c35d0 HTTP/1.1\" 402 45 \"-\" \"PostmanRuntime/7.29.0\"\n"}
{"level":"http","message":"::1 - - [12/Feb/2022:14:01:11 +0000] \"POST /api/cart/61f551712b60fd48d30c35d0 HTTP/1.1\" 402 45 \"-\" \"PostmanRuntime/7.29.0\"\n"}
{"level":"http","message":"::1 - - [12/Feb/2022:14:04:59 +0000] \"POST /api/cart/61f551712b60fd48d30c35d0 HTTP/1.1\" 401 49 \"-\" \"PostmanRuntime/7.29.0\"\n"}
{"level":"http","message":"::1 - - [12/Feb/2022:14:06:00 +0000] \"POST /api/cart/61f551712b60fd48d30c35d0 HTTP/1.1\" 401 49 \"-\" \"PostmanRuntime/7.29.0\"\n"}
{"level":"http","message":"::1 - - [12/Feb/2022:14:07:12 +0000] \"GET /api/cart/null/productos HTTP/1.1\" 500 25 \"http://localhost:3000/\" \"Mozilla/5.0 (Windows NT 10.0; Win64; x64) AppleWebKit/537.36 (KHTML, like Gecko) Chrome/98.0.4758.82 Safari/537.36\"\n"}
{"level":"http","message":"::1 - - [12/Feb/2022:14:07:27 +0000] \"POST /api/cart/undefined HTTP/1.1\" 402 288 \"http://localhost:3000/\" \"Mozilla/5.0 (Windows NT 10.0; Win64; x64) AppleWebKit/537.36 (KHTML, like Gecko) Chrome/98.0.4758.82 Safari/537.36\"\n"}
{"level":"http","message":"::1 - - [12/Feb/2022:14:42:09 +0000] \"PUT /api/cart/6207bf44eff35c195281d0dc/productos HTTP/1.1\" 404 53 \"-\" \"PostmanRuntime/7.29.0\"\n"}
{"level":"http","message":"::1 - - [12/Feb/2022:21:28:50 +0000] \"DELETE /api/cart/6207bf44eff35c195281d0dc/productos/6207c97f42e225461f44d13e HTTP/1.1\" 500 65 \"http://localhost:3000/\" \"Mozilla/5.0 (Windows NT 10.0; Win64; x64) AppleWebKit/537.36 (KHTML, like Gecko) Chrome/98.0.4758.82 Safari/537.36\"\n"}
{"level":"http","message":"::1 - - [12/Feb/2022:21:29:19 +0000] \"DELETE /api/cart/6207bf44eff35c195281d0dc/productos/6207c97f42e225461f44d13e HTTP/1.1\" 400 43 \"http://localhost:3000/\" \"Mozilla/5.0 (Windows NT 10.0; Win64; x64) AppleWebKit/537.36 (KHTML, like Gecko) Chrome/98.0.4758.82 Safari/537.36\"\n"}
{"level":"http","message":"::1 - - [12/Feb/2022:21:29:46 +0000] \"DELETE /api/cart/6207bf44eff35c195281d0dc/productos/6207bf6ceff35c195281d0e0 HTTP/1.1\" 400 43 \"http://localhost:3000/\" \"Mozilla/5.0 (Windows NT 10.0; Win64; x64) AppleWebKit/537.36 (KHTML, like Gecko) Chrome/98.0.4758.82 Safari/537.36\"\n"}
{"level":"http","message":"::1 - - [12/Feb/2022:21:30:51 +0000] \"DELETE /api/cart/6207bf44eff35c195281d0dc/productos/6207c97f42e225461f44d13e HTTP/1.1\" 400 43 \"http://localhost:3000/\" \"Mozilla/5.0 (Windows NT 10.0; Win64; x64) AppleWebKit/537.36 (KHTML, like Gecko) Chrome/98.0.4758.82 Safari/537.36\"\n"}
{"level":"http","message":"::1 - - [12/Feb/2022:21:33:41 +0000] \"DELETE /api/cart/6207bf44eff35c195281d0dc/productos/6207c97f42e225461f44d13e HTTP/1.1\" 400 43 \"http://localhost:3000/\" \"Mozilla/5.0 (Windows NT 10.0; Win64; x64) AppleWebKit/537.36 (KHTML, like Gecko) Chrome/98.0.4758.82 Safari/537.36\"\n"}
{"level":"http","message":"::1 - - [12/Feb/2022:21:34:34 +0000] \"DELETE /api/cart/6207bf44eff35c195281d0dc/productos/6207c97f42e225461f44d13e HTTP/1.1\" 400 43 \"http://localhost:3000/\" \"Mozilla/5.0 (Windows NT 10.0; Win64; x64) AppleWebKit/537.36 (KHTML, like Gecko) Chrome/98.0.4758.82 Safari/537.36\"\n"}
{"level":"http","message":"::1 - - [12/Feb/2022:21:36:04 +0000] \"DELETE /api/cart/6207bf44eff35c195281d0dc/productos/6207c97f42e225461f44d13e HTTP/1.1\" 400 43 \"http://localhost:3000/\" \"Mozilla/5.0 (Windows NT 10.0; Win64; x64) AppleWebKit/537.36 (KHTML, like Gecko) Chrome/98.0.4758.82 Safari/537.36\"\n"}
{"level":"http","message":"::1 - - [12/Feb/2022:21:36:59 +0000] \"DELETE /api/cart/6207bf44eff35c195281d0dc/productos/6207c97f42e225461f44d13e HTTP/1.1\" 402 43 \"http://localhost:3000/\" \"Mozilla/5.0 (Windows NT 10.0; Win64; x64) AppleWebKit/537.36 (KHTML, like Gecko) Chrome/98.0.4758.82 Safari/537.36\"\n"}
{"level":"http","message":"::1 - - [12/Feb/2022:21:48:22 +0000] \"DELETE /api/cart/6207bf44eff35c195281d0dc/productos/62082ac8d7ee5d8364ba2d91 HTTP/1.1\" 402 43 \"http://localhost:3000/\" \"Mozilla/5.0 (Windows NT 10.0; Win64; x64) AppleWebKit/537.36 (KHTML, like Gecko) Chrome/98.0.4758.82 Safari/537.36\"\n"}
